<?xml version="1.0" encoding="UTF-8"?>
<robot generator="Robot 3.1.2 (Python 3.6.8 on win32)" generated="20190705 19:48:27.147" rpa="false">
<suite id="s1" name="Profile" source="D:\Activity-CE\Activity-ATC\Tests\Smoke Tests\Profile.robot">
<kw name="Login To Landing Page" library="common_resource" type="setup">
<kw name="Open Browser To Login Page" library="common_resource">
<kw name="Open Browser" library="SeleniumLibrary">
<doc>Opens a new browser instance to the given ``url``.</doc>
<arguments>
<arg>${BASE_URL}</arg>
<arg>browser=${BROWSER}</arg>
</arguments>
<msg timestamp="20190705 19:48:27.445" level="INFO">Opening browser 'Chrome' to base url 'http://activity-dev.hikaya.io/'.</msg>
<status status="PASS" starttime="20190705 19:48:27.445" endtime="20190705 19:48:34.409"></status>
</kw>
<kw name="Maximize Browser Window" library="SeleniumLibrary">
<doc>Maximizes current browser window.</doc>
<status status="PASS" starttime="20190705 19:48:34.410" endtime="20190705 19:48:35.524"></status>
</kw>
<kw name="Set Selenium Speed" library="SeleniumLibrary">
<doc>Sets the delay that is waited after each Selenium command.</doc>
<arguments>
<arg>${DELAY}</arg>
</arguments>
<status status="PASS" starttime="20190705 19:48:35.524" endtime="20190705 19:48:35.525"></status>
</kw>
<kw name="Login Page Should Be Open" library="common_resource">
<kw name="Element Text Should Be" library="SeleniumLibrary">
<doc>Verifies that element ``locator`` contains exact text ``expected``.</doc>
<arguments>
<arg>tag:h1</arg>
<arg>Login</arg>
</arguments>
<msg timestamp="20190705 19:48:35.525" level="INFO">Verifying element 'tag:h1' contains exact text 'Login'.</msg>
<status status="PASS" starttime="20190705 19:48:35.525" endtime="20190705 19:48:35.656"></status>
</kw>
<status status="PASS" starttime="20190705 19:48:35.525" endtime="20190705 19:48:35.656"></status>
</kw>
<status status="PASS" starttime="20190705 19:48:27.445" endtime="20190705 19:48:35.656"></status>
</kw>
<kw name="Login With Valid Credentials" library="common_resource">
<kw name="Login" library="common_resource">
<arguments>
<arg>${VALID USER}</arg>
<arg>${VALID PASSWORD}</arg>
</arguments>
<kw name="Input Text" library="SeleniumLibrary">
<doc>Types the given ``text`` into text field identified by ``locator``.</doc>
<arguments>
<arg>login_username</arg>
<arg>${username}</arg>
</arguments>
<msg timestamp="20190705 19:48:35.657" level="INFO">Typing text 'amos' into text field 'login_username'.</msg>
<status status="PASS" starttime="20190705 19:48:35.657" endtime="20190705 19:48:35.893"></status>
</kw>
<kw name="Input Password" library="SeleniumLibrary">
<doc>Types the given password into text field identified by ``locator``.</doc>
<arguments>
<arg>login_password</arg>
<arg>${password}</arg>
</arguments>
<msg timestamp="20190705 19:48:35.893" level="INFO">Typing password into text field 'login_password'.</msg>
<status status="PASS" starttime="20190705 19:48:35.893" endtime="20190705 19:48:36.153"></status>
</kw>
<kw name="Click Button" library="SeleniumLibrary">
<doc>Clicks button identified by ``locator``.</doc>
<arguments>
<arg>login_submit_btn</arg>
</arguments>
<msg timestamp="20190705 19:48:36.153" level="INFO">Clicking button 'login_submit_btn'.</msg>
<status status="PASS" starttime="20190705 19:48:36.153" endtime="20190705 19:48:39.063"></status>
</kw>
<status status="PASS" starttime="20190705 19:48:35.657" endtime="20190705 19:48:39.063"></status>
</kw>
<kw name="Activity Dashboard Should Be Open" library="common_resource">
<kw name="Location Should Be" library="SeleniumLibrary">
<doc>Verifies that current URL is exactly ``url``.</doc>
<arguments>
<arg>${BASE URL}</arg>
</arguments>
<msg timestamp="20190705 19:48:39.118" level="INFO">Current location is 'http://activity-dev.hikaya.io/'.</msg>
<status status="PASS" starttime="20190705 19:48:39.063" endtime="20190705 19:48:39.118"></status>
</kw>
<kw name="Element Text Should Be" library="SeleniumLibrary">
<doc>Verifies that element ``locator`` contains exact text ``expected``.</doc>
<arguments>
<arg>class:page-title</arg>
<arg>Activity Dashboard</arg>
</arguments>
<msg timestamp="20190705 19:48:39.118" level="INFO">Verifying element 'class:page-title' contains exact text 'Activity Dashboard'.</msg>
<status status="PASS" starttime="20190705 19:48:39.118" endtime="20190705 19:48:39.246"></status>
</kw>
<kw name="Element Text Should Be" library="SeleniumLibrary">
<doc>Verifies that element ``locator`` contains exact text ``expected``.</doc>
<arguments>
<arg>//button[@data-target="#addProgramModal"]</arg>
<arg>Add New Program</arg>
</arguments>
<msg timestamp="20190705 19:48:39.246" level="INFO">Verifying element '//button[@data-target="#addProgramModal"]' contains exact text 'Add New Program'.</msg>
<status status="PASS" starttime="20190705 19:48:39.246" endtime="20190705 19:48:39.375"></status>
</kw>
<status status="PASS" starttime="20190705 19:48:39.063" endtime="20190705 19:48:39.375"></status>
</kw>
<status status="PASS" starttime="20190705 19:48:35.656" endtime="20190705 19:48:39.375"></status>
</kw>
<status status="PASS" starttime="20190705 19:48:27.445" endtime="20190705 19:48:39.375"></status>
</kw>
<test id="s1-t1" name="Validate the User Profile">
<kw name="Click navbar User_Initial" library="common_resource">
<arguments>
<arg>//a[@href="/accounts/profile/"]</arg>
</arguments>
<kw name="Click Element" library="SeleniumLibrary">
<doc>Click element identified by ``locator``.</doc>
<arguments>
<arg>user-initial</arg>
</arguments>
<msg timestamp="20190705 19:48:39.377" level="INFO">Clicking element 'user-initial'.</msg>
<status status="PASS" starttime="20190705 19:48:39.377" endtime="20190705 19:48:39.543"></status>
</kw>
<kw name="Click Element" library="SeleniumLibrary">
<doc>Click element identified by ``locator``.</doc>
<arguments>
<arg>${dropdown_menu_item}</arg>
</arguments>
<msg timestamp="20190705 19:48:39.543" level="INFO">Clicking element '//a[@href="/accounts/profile/"]'.</msg>
<status status="PASS" starttime="20190705 19:48:39.543" endtime="20190705 19:48:40.464"></status>
</kw>
<status status="PASS" starttime="20190705 19:48:39.376" endtime="20190705 19:48:40.464"></status>
</kw>
<kw name="Profile Page Should Be Displayed" library="common_resource">
<kw name="Element Text Should Be" library="SeleniumLibrary">
<doc>Verifies that element ``locator`` contains exact text ``expected``.</doc>
<arguments>
<arg>class:page-title</arg>
<arg>User Registration/Profile</arg>
</arguments>
<msg timestamp="20190705 19:48:40.465" level="INFO">Verifying element 'class:page-title' contains exact text 'User Registration/Profile'.</msg>
<status status="PASS" starttime="20190705 19:48:40.465" endtime="20190705 19:48:40.590"></status>
</kw>
<kw name="Element Text Should Be" library="SeleniumLibrary">
<doc>Verifies that element ``locator`` contains exact text ``expected``.</doc>
<arguments>
<arg>//div[@id="div_id_title"]/label</arg>
<arg>Title</arg>
</arguments>
<msg timestamp="20190705 19:48:40.590" level="INFO">Verifying element '//div[@id="div_id_title"]/label' contains exact text 'Title'.</msg>
<status status="PASS" starttime="20190705 19:48:40.590" endtime="20190705 19:48:40.721"></status>
</kw>
<kw name="Element Text Should Be" library="SeleniumLibrary">
<doc>Verifies that element ``locator`` contains exact text ``expected``.</doc>
<arguments>
<arg>//label[@for="id_name"]</arg>
<arg>Given Name</arg>
</arguments>
<msg timestamp="20190705 19:48:40.721" level="INFO">Verifying element '//label[@for="id_name"]' contains exact text 'Given Name'.</msg>
<status status="PASS" starttime="20190705 19:48:40.721" endtime="20190705 19:48:40.850"></status>
</kw>
<kw name="Page Should Contain Textfield" library="SeleniumLibrary">
<doc>Verifies text field ``locator`` is found from current page.</doc>
<arguments>
<arg>id_name</arg>
</arguments>
<msg timestamp="20190705 19:48:40.969" level="INFO">Current page contains text field 'id_name'.</msg>
<status status="PASS" starttime="20190705 19:48:40.850" endtime="20190705 19:48:40.969"></status>
</kw>
<kw name="Element Text Should Be" library="SeleniumLibrary">
<doc>Verifies that element ``locator`` contains exact text ``expected``.</doc>
<arguments>
<arg>//label[@for="id_employee_number"]</arg>
<arg>Employee Number</arg>
</arguments>
<msg timestamp="20190705 19:48:40.969" level="INFO">Verifying element '//label[@for="id_employee_number"]' contains exact text 'Employee Number'.</msg>
<status status="PASS" starttime="20190705 19:48:40.969" endtime="20190705 19:48:41.102"></status>
</kw>
<kw name="Page Should Contain Textfield" library="SeleniumLibrary">
<doc>Verifies text field ``locator`` is found from current page.</doc>
<arguments>
<arg>id_employee_number</arg>
</arguments>
<msg timestamp="20190705 19:48:41.218" level="INFO">Current page contains text field 'id_employee_number'.</msg>
<status status="PASS" starttime="20190705 19:48:41.102" endtime="20190705 19:48:41.218"></status>
</kw>
<kw name="Element Text Should Be" library="SeleniumLibrary">
<doc>Verifies that element ``locator`` contains exact text ``expected``.</doc>
<arguments>
<arg>//label[@for="id_user"]</arg>
<arg>User*</arg>
</arguments>
<msg timestamp="20190705 19:48:41.218" level="INFO">Verifying element '//label[@for="id_user"]' contains exact text 'User*'.</msg>
<status status="PASS" starttime="20190705 19:48:41.218" endtime="20190705 19:48:41.348"></status>
</kw>
<kw name="Element Text Should Be" library="SeleniumLibrary">
<doc>Verifies that element ``locator`` contains exact text ``expected``.</doc>
<arguments>
<arg>//label[@for="id_country"]</arg>
<arg>Country</arg>
</arguments>
<msg timestamp="20190705 19:48:41.348" level="INFO">Verifying element '//label[@for="id_country"]' contains exact text 'Country'.</msg>
<status status="PASS" starttime="20190705 19:48:41.348" endtime="20190705 19:48:41.486"></status>
</kw>
<kw name="Element Text Should Be" library="SeleniumLibrary">
<doc>Verifies that element ``locator`` contains exact text ``expected``.</doc>
<arguments>
<arg>//label[@for="id_countries"]</arg>
<arg>Accessible Countries</arg>
</arguments>
<msg timestamp="20190705 19:48:41.487" level="INFO">Verifying element '//label[@for="id_countries"]' contains exact text 'Accessible Countries'.</msg>
<status status="PASS" starttime="20190705 19:48:41.486" endtime="20190705 19:48:41.618"></status>
</kw>
<kw name="Page Should Contain Button" library="SeleniumLibrary">
<doc>Verifies button ``locator`` is found from current page.</doc>
<arguments>
<arg>submit-id-submit</arg>
</arguments>
<msg timestamp="20190705 19:48:41.734" level="INFO">Current page contains input 'submit-id-submit'.</msg>
<status status="PASS" starttime="20190705 19:48:41.618" endtime="20190705 19:48:41.734"></status>
</kw>
<kw name="Page Should Contain Button" library="SeleniumLibrary">
<doc>Verifies button ``locator`` is found from current page.</doc>
<arguments>
<arg>reset-id-reset</arg>
</arguments>
<msg timestamp="20190705 19:48:41.850" level="INFO">Current page contains input 'reset-id-reset'.</msg>
<status status="PASS" starttime="20190705 19:48:41.734" endtime="20190705 19:48:41.850"></status>
</kw>
<status status="PASS" starttime="20190705 19:48:40.464" endtime="20190705 19:48:41.850"></status>
</kw>
<status status="PASS" starttime="20190705 19:48:39.375" endtime="20190705 19:48:41.850" critical="yes"></status>
</test>
<test id="s1-t2" name="Validate the Admin Dashboard">
<kw name="Click navbar User_Initial" library="common_resource">
<arguments>
<arg>//a[@href="/accounts/admin_dashboard/"]</arg>
</arguments>
<kw name="Click Element" library="SeleniumLibrary">
<doc>Click element identified by ``locator``.</doc>
<arguments>
<arg>user-initial</arg>
</arguments>
<msg timestamp="20190705 19:48:41.853" level="INFO">Clicking element 'user-initial'.</msg>
<status status="PASS" starttime="20190705 19:48:41.853" endtime="20190705 19:48:42.014"></status>
</kw>
<kw name="Click Element" library="SeleniumLibrary">
<doc>Click element identified by ``locator``.</doc>
<arguments>
<arg>${dropdown_menu_item}</arg>
</arguments>
<msg timestamp="20190705 19:48:42.014" level="INFO">Clicking element '//a[@href="/accounts/admin_dashboard/"]'.</msg>
<status status="PASS" starttime="20190705 19:48:42.014" endtime="20190705 19:48:43.128"></status>
</kw>
<status status="PASS" starttime="20190705 19:48:41.852" endtime="20190705 19:48:43.128"></status>
</kw>
<kw name="Admin Dashboard Should Be Displayed" library="common_resource">
<kw name="Location Should Be" library="SeleniumLibrary">
<doc>Verifies that current URL is exactly ``url``.</doc>
<arguments>
<arg>${BASE URL}accounts/admin_dashboard/</arg>
</arguments>
<msg timestamp="20190705 19:48:43.186" level="INFO">Current location is 'http://activity-dev.hikaya.io/accounts/admin_dashboard/'.</msg>
<status status="PASS" starttime="20190705 19:48:43.129" endtime="20190705 19:48:43.186"></status>
</kw>
<kw name="Element Attribute Value Should Be" library="SeleniumLibrary">
<doc>Verifies element identified by ``locator`` contains expected attribute value.</doc>
<arguments>
<arg>(//li[@role="presentation"])[1]</arg>
<arg>class</arg>
<arg>hikaya-active</arg>
</arguments>
<msg timestamp="20190705 19:48:43.306" level="INFO">Element '(//li[@role="presentation"])[1]' attribute 'class' contains value 'hikaya-active'.</msg>
<status status="PASS" starttime="20190705 19:48:43.186" endtime="20190705 19:48:43.306"></status>
</kw>
<kw name="Element Text Should Be" library="SeleniumLibrary">
<doc>Verifies that element ``locator`` contains exact text ``expected``.</doc>
<arguments>
<arg>//div[@class="side-nav"]/h2</arg>
<arg>Dashboard</arg>
</arguments>
<msg timestamp="20190705 19:48:43.306" level="INFO">Verifying element '//div[@class="side-nav"]/h2' contains exact text 'Dashboard'.</msg>
<status status="PASS" starttime="20190705 19:48:43.306" endtime="20190705 19:48:43.433"></status>
</kw>
<kw name="Element Text Should Be" library="SeleniumLibrary">
<doc>Verifies that element ``locator`` contains exact text ``expected``.</doc>
<arguments>
<arg>(//ul[@class="nav nav-pills nav-stacked"]/li/a)[1]</arg>
<arg>Home</arg>
</arguments>
<msg timestamp="20190705 19:48:43.433" level="INFO">Verifying element '(//ul[@class="nav nav-pills nav-stacked"]/li/a)[1]' contains exact text 'Home'.</msg>
<status status="PASS" starttime="20190705 19:48:43.433" endtime="20190705 19:48:43.562"></status>
</kw>
<kw name="Element Text Should Be" library="SeleniumLibrary">
<doc>Verifies that element ``locator`` contains exact text ``expected``.</doc>
<arguments>
<arg>(//div[@class="panel-heading"])[1]</arg>
<arg>Workflowlevel1 Summary (Status)</arg>
</arguments>
<msg timestamp="20190705 19:48:43.562" level="INFO">Verifying element '(//div[@class="panel-heading"])[1]' contains exact text 'Workflowlevel1 Summary (Status)'.</msg>
<status status="PASS" starttime="20190705 19:48:43.562" endtime="20190705 19:48:43.690"></status>
</kw>
<kw name="Element Text Should Be" library="SeleniumLibrary">
<doc>Verifies that element ``locator`` contains exact text ``expected``.</doc>
<arguments>
<arg>(//div[@class="panel-heading"])[2]</arg>
<arg>Workflowlevel2 Summary (Status)</arg>
</arguments>
<msg timestamp="20190705 19:48:43.690" level="INFO">Verifying element '(//div[@class="panel-heading"])[2]' contains exact text 'Workflowlevel2 Summary (Status)'.</msg>
<status status="PASS" starttime="20190705 19:48:43.690" endtime="20190705 19:48:43.818"></status>
</kw>
<kw name="Element Text Should Be" library="SeleniumLibrary">
<doc>Verifies that element ``locator`` contains exact text ``expected``.</doc>
<arguments>
<arg>(//div[@class="panel-heading"])[3]</arg>
<arg>Indicators Summary</arg>
</arguments>
<msg timestamp="20190705 19:48:43.818" level="INFO">Verifying element '(//div[@class="panel-heading"])[3]' contains exact text 'Indicators Summary'.</msg>
<status status="PASS" starttime="20190705 19:48:43.818" endtime="20190705 19:48:43.947"></status>
</kw>
<kw name="Element Text Should Be" library="SeleniumLibrary">
<doc>Verifies that element ``locator`` contains exact text ``expected``.</doc>
<arguments>
<arg>(//div[@class="panel-heading"])[4]</arg>
<arg>Sites By Country</arg>
</arguments>
<msg timestamp="20190705 19:48:43.947" level="INFO">Verifying element '(//div[@class="panel-heading"])[4]' contains exact text 'Sites By Country'.</msg>
<status status="PASS" starttime="20190705 19:48:43.947" endtime="20190705 19:48:44.075"></status>
</kw>
<status status="PASS" starttime="20190705 19:48:43.129" endtime="20190705 19:48:44.075"></status>
</kw>
<kw name="Click Element" library="SeleniumLibrary">
<doc>Click element identified by ``locator``.</doc>
<arguments>
<arg>//a[@href="/accounts/admin/profile_settings"]</arg>
</arguments>
<msg timestamp="20190705 19:48:44.076" level="INFO">Clicking element '//a[@href="/accounts/admin/profile_settings"]'.</msg>
<status status="PASS" starttime="20190705 19:48:44.075" endtime="20190705 19:48:45.011"></status>
</kw>
<kw name="Profile Settings Page Should Be Displayed" library="common_resource">
<kw name="Location Should Be" library="SeleniumLibrary">
<doc>Verifies that current URL is exactly ``url``.</doc>
<arguments>
<arg>${BASE URL}accounts/admin/profile_settings</arg>
</arguments>
<msg timestamp="20190705 19:48:45.066" level="INFO">Current location is 'http://activity-dev.hikaya.io/accounts/admin/profile_settings'.</msg>
<status status="PASS" starttime="20190705 19:48:45.012" endtime="20190705 19:48:45.066"></status>
</kw>
<kw name="Element Attribute Value Should Be" library="SeleniumLibrary">
<doc>Verifies element identified by ``locator`` contains expected attribute value.</doc>
<arguments>
<arg>(//li[@role="presentation"])[2]</arg>
<arg>class</arg>
<arg>hikaya-active</arg>
</arguments>
<msg timestamp="20190705 19:48:45.188" level="INFO">Element '(//li[@role="presentation"])[2]' attribute 'class' contains value 'hikaya-active'.</msg>
<status status="PASS" starttime="20190705 19:48:45.066" endtime="20190705 19:48:45.188"></status>
</kw>
<kw name="Element Text Should Be" library="SeleniumLibrary">
<doc>Verifies that element ``locator`` contains exact text ``expected``.</doc>
<arguments>
<arg>(//ul[@class="nav nav-pills nav-stacked"]/li/a)[2]</arg>
<arg>Profile Settings</arg>
</arguments>
<msg timestamp="20190705 19:48:45.188" level="INFO">Verifying element '(//ul[@class="nav nav-pills nav-stacked"]/li/a)[2]' contains exact text 'Profile Settings'.</msg>
<status status="PASS" starttime="20190705 19:48:45.188" endtime="20190705 19:48:45.315"></status>
</kw>
<kw name="Page Should Contain Checkbox" library="SeleniumLibrary">
<doc>Verifies checkbox ``locator`` is found from current page.</doc>
<arguments>
<arg>logo-clear_id</arg>
</arguments>
<msg timestamp="20190705 19:48:45.434" level="INFO">Current page contains checkbox 'logo-clear_id'.</msg>
<status status="PASS" starttime="20190705 19:48:45.315" endtime="20190705 19:48:45.434"></status>
</kw>
<kw name="Page Should Contain Button" library="SeleniumLibrary">
<doc>Verifies button ``locator`` is found from current page.</doc>
<arguments>
<arg>submit-id-submit</arg>
</arguments>
<msg timestamp="20190705 19:48:45.552" level="INFO">Current page contains input 'submit-id-submit'.</msg>
<status status="PASS" starttime="20190705 19:48:45.434" endtime="20190705 19:48:45.552"></status>
</kw>
<kw name="Page Should Contain Button" library="SeleniumLibrary">
<doc>Verifies button ``locator`` is found from current page.</doc>
<arguments>
<arg>id_logo</arg>
</arguments>
<msg timestamp="20190705 19:48:45.668" level="INFO">Current page contains input 'id_logo'.</msg>
<status status="PASS" starttime="20190705 19:48:45.552" endtime="20190705 19:48:45.668"></status>
</kw>
<status status="PASS" starttime="20190705 19:48:45.011" endtime="20190705 19:48:45.668"></status>
</kw>
<kw name="Click Element" library="SeleniumLibrary">
<doc>Click element identified by ``locator``.</doc>
<arguments>
<arg>//a[@href="/accounts/admin/configurations"]</arg>
</arguments>
<msg timestamp="20190705 19:48:45.669" level="INFO">Clicking element '//a[@href="/accounts/admin/configurations"]'.</msg>
<status status="PASS" starttime="20190705 19:48:45.668" endtime="20190705 19:48:47.012"></status>
</kw>
<kw name="Configurations Page Should Be Displayed" library="common_resource">
<kw name="Location Should Be" library="SeleniumLibrary">
<doc>Verifies that current URL is exactly ``url``.</doc>
<arguments>
<arg>${BASE URL}accounts/admin/configurations</arg>
</arguments>
<msg timestamp="20190705 19:48:47.068" level="INFO">Current location is 'http://activity-dev.hikaya.io/accounts/admin/configurations'.</msg>
<status status="PASS" starttime="20190705 19:48:47.013" endtime="20190705 19:48:47.068"></status>
</kw>
<kw name="Element Attribute Value Should Be" library="SeleniumLibrary">
<doc>Verifies element identified by ``locator`` contains expected attribute value.</doc>
<arguments>
<arg>(//li[@role="presentation"])[3]</arg>
<arg>class</arg>
<arg>hikaya-active</arg>
</arguments>
<msg timestamp="20190705 19:48:47.191" level="INFO">Element '(//li[@role="presentation"])[3]' attribute 'class' contains value 'hikaya-active'.</msg>
<status status="PASS" starttime="20190705 19:48:47.068" endtime="20190705 19:48:47.191"></status>
</kw>
<kw name="Element Text Should Be" library="SeleniumLibrary">
<doc>Verifies that element ``locator`` contains exact text ``expected``.</doc>
<arguments>
<arg>(//ul[@class="nav nav-pills nav-stacked"]/li/a)[3]</arg>
<arg>Configurations</arg>
</arguments>
<msg timestamp="20190705 19:48:47.191" level="INFO">Verifying element '(//ul[@class="nav nav-pills nav-stacked"]/li/a)[3]' contains exact text 'Configurations'.</msg>
<status status="PASS" starttime="20190705 19:48:47.191" endtime="20190705 19:48:47.325"></status>
</kw>
<kw name="Element Text Should Be" library="SeleniumLibrary">
<doc>Verifies that element ``locator`` contains exact text ``expected``.</doc>
<arguments>
<arg>//button[@class="btn hikaya-btn-cancel"]</arg>
<arg>Discard Changes</arg>
</arguments>
<msg timestamp="20190705 19:48:47.325" level="INFO">Verifying element '//button[@class="btn hikaya-btn-cancel"]' contains exact text 'Discard Changes'.</msg>
<status status="PASS" starttime="20190705 19:48:47.325" endtime="20190705 19:48:47.455"></status>
</kw>
<kw name="Element Text Should Be" library="SeleniumLibrary">
<doc>Verifies that element ``locator`` contains exact text ``expected``.</doc>
<arguments>
<arg>//button[@class="btn btn-success"]</arg>
<arg>Save Changes</arg>
</arguments>
<msg timestamp="20190705 19:48:47.455" level="INFO">Verifying element '//button[@class="btn btn-success"]' contains exact text 'Save Changes'.</msg>
<status status="PASS" starttime="20190705 19:48:47.455" endtime="20190705 19:48:47.589"></status>
</kw>
<kw name="Element Text Should Be" library="SeleniumLibrary">
<doc>Verifies that element ``locator`` contains exact text ``expected``.</doc>
<arguments>
<arg>(//div[@class="panel-heading"])[1]</arg>
<arg>Workflow Level Labels</arg>
</arguments>
<msg timestamp="20190705 19:48:47.589" level="INFO">Verifying element '(//div[@class="panel-heading"])[1]' contains exact text 'Workflow Level Labels'.</msg>
<status status="PASS" starttime="20190705 19:48:47.589" endtime="20190705 19:48:47.713"></status>
</kw>
<kw name="Element Text Should Be" library="SeleniumLibrary">
<doc>Verifies that element ``locator`` contains exact text ``expected``.</doc>
<arguments>
<arg>(//div[@class="panel-heading"])[2]</arg>
<arg>Other Labels</arg>
</arguments>
<msg timestamp="20190705 19:48:47.713" level="INFO">Verifying element '(//div[@class="panel-heading"])[2]' contains exact text 'Other Labels'.</msg>
<status status="PASS" starttime="20190705 19:48:47.713" endtime="20190705 19:48:47.837"></status>
</kw>
<kw name="Element Text Should Be" library="SeleniumLibrary">
<doc>Verifies that element ``locator`` contains exact text ``expected``.</doc>
<arguments>
<arg>(//div[@class="panel-heading"])[3]</arg>
<arg>Default Settings</arg>
</arguments>
<msg timestamp="20190705 19:48:47.837" level="INFO">Verifying element '(//div[@class="panel-heading"])[3]' contains exact text 'Default Settings'.</msg>
<status status="PASS" starttime="20190705 19:48:47.837" endtime="20190705 19:48:47.962"></status>
</kw>
<status status="PASS" starttime="20190705 19:48:47.012" endtime="20190705 19:48:47.962"></status>
</kw>
<kw name="Click Element" library="SeleniumLibrary">
<doc>Click element identified by ``locator``.</doc>
<arguments>
<arg>//a[@href="/accounts/admin/users"]</arg>
</arguments>
<msg timestamp="20190705 19:48:47.963" level="INFO">Clicking element '//a[@href="/accounts/admin/users"]'.</msg>
<status status="PASS" starttime="20190705 19:48:47.962" endtime="20190705 19:48:48.881"></status>
</kw>
<kw name="User Management Page Should Be Displayed" library="common_resource">
<kw name="Location Should Be" library="SeleniumLibrary">
<doc>Verifies that current URL is exactly ``url``.</doc>
<arguments>
<arg>${BASE URL}accounts/admin/users</arg>
</arguments>
<msg timestamp="20190705 19:48:48.936" level="INFO">Current location is 'http://activity-dev.hikaya.io/accounts/admin/users'.</msg>
<status status="PASS" starttime="20190705 19:48:48.882" endtime="20190705 19:48:48.936"></status>
</kw>
<kw name="Element Attribute Value Should Be" library="SeleniumLibrary">
<doc>Verifies element identified by ``locator`` contains expected attribute value.</doc>
<arguments>
<arg>(//li[@role="presentation"])[4]</arg>
<arg>class</arg>
<arg>hikaya-active</arg>
</arguments>
<msg timestamp="20190705 19:48:49.057" level="INFO">Element '(//li[@role="presentation"])[4]' attribute 'class' contains value 'hikaya-active'.</msg>
<status status="PASS" starttime="20190705 19:48:48.936" endtime="20190705 19:48:49.057"></status>
</kw>
<kw name="Element Text Should Be" library="SeleniumLibrary">
<doc>Verifies that element ``locator`` contains exact text ``expected``.</doc>
<arguments>
<arg>(//table[@class="table table-striped"]/thead/tr/th)[1]</arg>
<arg>First Name</arg>
</arguments>
<msg timestamp="20190705 19:48:49.057" level="INFO">Verifying element '(//table[@class="table table-striped"]/thead/tr/th)[1]' contains exact text 'First Name'.</msg>
<status status="PASS" starttime="20190705 19:48:49.057" endtime="20190705 19:48:49.189"></status>
</kw>
<kw name="Element Text Should Be" library="SeleniumLibrary">
<doc>Verifies that element ``locator`` contains exact text ``expected``.</doc>
<arguments>
<arg>(//table[@class="table table-striped"]/thead/tr/th)[2]</arg>
<arg>Last Name</arg>
</arguments>
<msg timestamp="20190705 19:48:49.189" level="INFO">Verifying element '(//table[@class="table table-striped"]/thead/tr/th)[2]' contains exact text 'Last Name'.</msg>
<status status="PASS" starttime="20190705 19:48:49.189" endtime="20190705 19:48:49.318"></status>
</kw>
<kw name="Element Text Should Be" library="SeleniumLibrary">
<doc>Verifies that element ``locator`` contains exact text ``expected``.</doc>
<arguments>
<arg>(//table[@class="table table-striped"]/thead/tr/th)[3]</arg>
<arg>User Status</arg>
</arguments>
<msg timestamp="20190705 19:48:49.318" level="INFO">Verifying element '(//table[@class="table table-striped"]/thead/tr/th)[3]' contains exact text 'User Status'.</msg>
<status status="PASS" starttime="20190705 19:48:49.318" endtime="20190705 19:48:49.446"></status>
</kw>
<kw name="Element Text Should Be" library="SeleniumLibrary">
<doc>Verifies that element ``locator`` contains exact text ``expected``.</doc>
<arguments>
<arg>(//table[@class="table table-striped"]/thead/tr/th)[4]</arg>
<arg>Role</arg>
</arguments>
<msg timestamp="20190705 19:48:49.446" level="INFO">Verifying element '(//table[@class="table table-striped"]/thead/tr/th)[4]' contains exact text 'Role'.</msg>
<status status="PASS" starttime="20190705 19:48:49.446" endtime="20190705 19:48:49.575"></status>
</kw>
<kw name="Element Text Should Be" library="SeleniumLibrary">
<doc>Verifies that element ``locator`` contains exact text ``expected``.</doc>
<arguments>
<arg>(//table[@class="table table-striped"]/thead/tr/th)[5]</arg>
<arg>Date Joined</arg>
</arguments>
<msg timestamp="20190705 19:48:49.575" level="INFO">Verifying element '(//table[@class="table table-striped"]/thead/tr/th)[5]' contains exact text 'Date Joined'.</msg>
<status status="PASS" starttime="20190705 19:48:49.575" endtime="20190705 19:48:49.703"></status>
</kw>
<status status="PASS" starttime="20190705 19:48:48.882" endtime="20190705 19:48:49.703"></status>
</kw>
<status status="PASS" starttime="20190705 19:48:41.852" endtime="20190705 19:48:49.703" critical="yes"></status>
</test>
<kw name="Close Browser" library="SeleniumLibrary" type="teardown">
<doc>Closes the current browser.</doc>
<status status="PASS" starttime="20190705 19:48:49.705" endtime="20190705 19:48:51.845"></status>
</kw>
<doc>This test suite tests the Admin Dashboard, Profile Settings, Cofiguarations and the User Management pages.</doc>
<status status="PASS" starttime="20190705 19:48:27.149" endtime="20190705 19:48:51.845"></status>
</suite>
<statistics>
<total>
<stat pass="2" fail="0">Critical Tests</stat>
<stat pass="2" fail="0">All Tests</stat>
</total>
<tag>
</tag>
<suite>
<stat pass="2" fail="0" id="s1" name="Profile">Profile</stat>
</suite>
</statistics>
<errors>
</errors>
</robot>
